<?xml version="1.0" encoding="UTF-8"?>
<robot generator="Robot 3.2.2 (Python 3.7.4 on win32)" generated="20201003 00:12:22.086" rpa="false">
<suite id="s1" name="Tests" source="D:\RobotFramework\test\funcional\tests">
<suite id="s1-s1" name="Consulta Home" source="D:\RobotFramework\test\funcional\tests\Consulta_Home.robot">
<test id="s1-s1-t1" name="Cenario 1:Pesquisa de produto por home">
<kw name="Abrir navegador" library="resource" type="setup">
<kw name="Open Browser" library="SeleniumLibrary">
<doc>Opens a new browser instance to the optional ``url``.</doc>
<arguments>
<arg>about:blank</arg>
<arg>${BROWSER}</arg>
</arguments>
<msg timestamp="20201003 00:12:22.293" level="INFO">Opening browser 'CHROME' to base url 'about:blank'.</msg>
<status status="PASS" starttime="20201003 00:12:22.292" endtime="20201003 00:12:25.538"></status>
</kw>
<status status="PASS" starttime="20201003 00:12:22.292" endtime="20201003 00:12:25.538"></status>
</kw>
<kw name="Dado que esteja na pagina home" library="Home">
<kw name="Go To" library="SeleniumLibrary">
<doc>Navigates the current browser window to the provided ``url``.</doc>
<arguments>
<arg>${URL}</arg>
</arguments>
<msg timestamp="20201003 00:12:25.540" level="INFO">Opening url 'https://www.riachuelo.com.br/'</msg>
<status status="PASS" starttime="20201003 00:12:25.539" endtime="20201003 00:12:29.456"></status>
</kw>
<kw name="Wait Until Page Contains Element" library="SeleniumLibrary">
<doc>Waits until the element ``locator`` appears on the current page.</doc>
<arguments>
<arg>//*[@name="title"]</arg>
</arguments>
<status status="PASS" starttime="20201003 00:12:29.457" endtime="20201003 00:12:29.610"></status>
</kw>
<kw name="Title Should Be" library="SeleniumLibrary">
<doc>Verifies that the current page title equals ``title``.</doc>
<arguments>
<arg>Riachuelo | VIVA SUA MODA | Moda Feminina, Masculina e Infantil.</arg>
</arguments>
<msg timestamp="20201003 00:12:29.628" level="INFO">Page title is 'Riachuelo | VIVA SUA MODA | Moda Feminina, Masculina e Infantil.'.</msg>
<status status="PASS" starttime="20201003 00:12:29.610" endtime="20201003 00:12:29.628"></status>
</kw>
<status status="PASS" starttime="20201003 00:12:25.539" endtime="20201003 00:12:29.628"></status>
</kw>
<kw name="Quando pesquisar o produto por nome">
<msg timestamp="20201003 00:12:29.631" level="FAIL">No keyword with name 'Quando pesquisar o produto por nome' found.</msg>
<status status="FAIL" starttime="20201003 00:12:29.631" endtime="20201003 00:12:29.632"></status>
</kw>
<kw name="Fechar navegador" library="resource" type="teardown">
<kw name="Close Browser" library="SeleniumLibrary">
<doc>Closes the current browser.</doc>
<status status="PASS" starttime="20201003 00:12:29.633" endtime="20201003 00:12:31.774"></status>
</kw>
<status status="PASS" starttime="20201003 00:12:29.632" endtime="20201003 00:12:31.774"></status>
</kw>
<status status="FAIL" starttime="20201003 00:12:22.291" endtime="20201003 00:12:31.775" critical="yes">No keyword with name 'Quando pesquisar o produto por nome' found.</status>
</test>
<status status="FAIL" starttime="20201003 00:12:22.111" endtime="20201003 00:12:31.777"></status>
</suite>
<status status="FAIL" starttime="20201003 00:12:22.089" endtime="20201003 00:12:31.780"></status>
</suite>
<statistics>
<total>
<stat pass="0" fail="1">Critical Tests</stat>
<stat pass="0" fail="1">All Tests</stat>
</total>
<tag>
</tag>
<suite>
<stat pass="0" fail="1" id="s1" name="Tests">Tests</stat>
<stat pass="0" fail="1" id="s1-s1" name="Consulta Home">Tests.Consulta Home</stat>
</suite>
</statistics>
<errors>
</errors>
</robot>
